# JRE version: Java(TM) SE Runtime Environment (18.0.2.1+1) (build 18.0.2.1+1-1)
# Java VM: Java HotSpot(TM) 64-Bit Server VM (18.0.2.1+1-1, mixed mode, emulated-client, sharing, tiered, compressed oops, compressed class ptrs, g1 gc, windows-amd64)
GC Precious Log:
 CardTable entry size: 512
 Card Set container configuration: InlinePtr #cards 5 size 8 Array Of Cards #cards 12 size 40 Howl #buckets 4 coarsen threshold 1843 Howl Bitmap #cards 512 size 80 coarsen threshold 460 Card regions per heap region 1 cards per card region 2048
 CPUs: 8 total, 8 available
 Memory: 8069M
 Large Page Support: Disabled
 NUMA Support: Disabled
 Compressed Oops: Enabled (32-bit)
 Heap Region Size: 1M
 Heap Min Capacity: 8M
 Heap Initial Capacity: 128M
 Heap Max Capacity: 2018M
 Pre-touch: Disabled
 Parallel Workers: 8
 Concurrent Workers: 2
 Concurrent Refinement Workers: 8
 Periodic GC: Disabled
Heap:
 garbage-first heap   total 89088K, used 38866K [0x0000000081e00000, 0x0000000100000000)
  region size 1024K, 4 young (4096K), 4 survivors (4096K)
 Metaspace       used 63684K, committed 64320K, reserved 1114112K
  class space    used 9036K, committed 9344K, reserved 1048576K
GC Heap History (20 events):
Event: 28.481 GC heap after
{Heap after GC invocations=10 (full 0):
 garbage-first heap   total 73728K, used 23502K [0x0000000081e00000, 0x0000000100000000)
  region size 1024K, 2 young (2048K), 2 survivors (2048K)
 Metaspace       used 35618K, committed 36096K, reserved 1114112K
  class space    used 4993K, committed 5248K, reserved 1048576K
}
Event: 30.069 GC heap before
{Heap before GC invocations=11 (full 0):
 garbage-first heap   total 73728K, used 56270K [0x0000000081e00000, 0x0000000100000000)
  region size 1024K, 34 young (34816K), 2 survivors (2048K)
 Metaspace       used 45655K, committed 46144K, reserved 1114112K
  class space    used 6256K, committed 6464K, reserved 1048576K
}
Event: 30.078 GC heap after
{Heap after GC invocations=12 (full 0):
 garbage-first heap   total 73728K, used 26286K [0x0000000081e00000, 0x0000000100000000)
  region size 1024K, 4 young (4096K), 4 survivors (4096K)
 Metaspace       used 45655K, committed 46144K, reserved 1114112K
  class space    used 6256K, committed 6464K, reserved 1048576K
}
Event: 30.477 GC heap before
{Heap before GC invocations=12 (full 0):
 garbage-first heap   total 73728K, used 57006K [0x0000000081e00000, 0x0000000100000000)
  region size 1024K, 34 young (34816K), 4 survivors (4096K)
 Metaspace       used 49643K, committed 50240K, reserved 1114112K
  class space    used 6878K, committed 7168K, reserved 1048576K
}
Event: 30.488 GC heap after
{Heap after GC invocations=13 (full 0):
 garbage-first heap   total 73728K, used 28709K [0x0000000081e00000, 0x0000000100000000)
  region size 1024K, 3 young (3072K), 3 survivors (3072K)
 Metaspace       used 49643K, committed 50240K, reserved 1114112K
  class space    used 6878K, committed 7168K, reserved 1048576K
}
Event: 30.851 GC heap before
{Heap before GC invocations=13 (full 0):
 garbage-first heap   total 73728K, used 57381K [0x0000000081e00000, 0x0000000100000000)
  region size 1024K, 31 young (31744K), 3 survivors (3072K)
 Metaspace       used 53090K, committed 53696K, reserved 1114112K
  class space    used 7467K, committed 7744K, reserved 1048576K
}
Event: 30.857 GC heap after
{Heap after GC invocations=14 (full 0):
 garbage-first heap   total 73728K, used 29625K [0x0000000081e00000, 0x0000000100000000)
  region size 1024K, 1 young (1024K), 1 survivors (1024K)
 Metaspace       used 53090K, committed 53696K, reserved 1114112K
  class space    used 7467K, committed 7744K, reserved 1048576K
}
Event: 30.977 GC heap before
{Heap before GC invocations=14 (full 0):
 garbage-first heap   total 73728K, used 58297K [0x0000000081e00000, 0x0000000100000000)
  region size 1024K, 29 young (29696K), 1 survivors (1024K)
 Metaspace       used 53296K, committed 53888K, reserved 1114112K
  class space    used 7481K, committed 7744K, reserved 1048576K
}
Event: 30.980 GC heap after
{Heap after GC invocations=15 (full 0):
 garbage-first heap   total 89088K, used 29877K [0x0000000081e00000, 0x0000000100000000)
  region size 1024K, 2 young (2048K), 2 survivors (2048K)
 Metaspace       used 53296K, committed 53888K, reserved 1114112K
  class space    used 7481K, committed 7744K, reserved 1048576K
}
Event: 32.449 GC heap before
{Heap before GC invocations=15 (full 0):
 garbage-first heap   total 89088K, used 70837K [0x0000000081e00000, 0x0000000100000000)
  region size 1024K, 42 young (43008K), 2 survivors (2048K)
 Metaspace       used 58308K, committed 58880K, reserved 1114112K
  class space    used 8171K, committed 8448K, reserved 1048576K
}
Event: 32.457 GC heap after
{Heap after GC invocations=16 (full 0):
 garbage-first heap   total 89088K, used 32814K [0x0000000081e00000, 0x0000000100000000)
  region size 1024K, 5 young (5120K), 5 survivors (5120K)
 Metaspace       used 58308K, committed 58880K, reserved 1114112K
  class space    used 8171K, committed 8448K, reserved 1048576K
}
Event: 32.559 GC heap before
{Heap before GC invocations=16 (full 0):
 garbage-first heap   total 89088K, used 38958K [0x0000000081e00000, 0x0000000100000000)
  region size 1024K, 12 young (12288K), 5 survivors (5120K)
 Metaspace       used 59929K, committed 60480K, reserved 1114112K
  class space    used 8387K, committed 8640K, reserved 1048576K
}
Event: 32.567 GC heap after
{Heap after GC invocations=17 (full 0):
 garbage-first heap   total 89088K, used 33791K [0x0000000081e00000, 0x0000000100000000)
  region size 1024K, 4 young (4096K), 4 survivors (4096K)
 Metaspace       used 59929K, committed 60480K, reserved 1114112K
  class space    used 8387K, committed 8640K, reserved 1048576K
}
Event: 32.882 GC heap before
{Heap before GC invocations=18 (full 0):
 garbage-first heap   total 89088K, used 69631K [0x0000000081e00000, 0x0000000100000000)
  region size 1024K, 39 young (39936K), 4 survivors (4096K)
 Metaspace       used 62663K, committed 63296K, reserved 1114112K
  class space    used 8931K, committed 9216K, reserved 1048576K
}
Event: 32.887 GC heap after
{Heap after GC invocations=19 (full 0):
 garbage-first heap   total 89088K, used 35456K [0x0000000081e00000, 0x0000000100000000)
  region size 1024K, 3 young (3072K), 3 survivors (3072K)
 Metaspace       used 62663K, committed 63296K, reserved 1114112K
  class space    used 8931K, committed 9216K, reserved 1048576K
}
Event: 33.048 GC heap before
{Heap before GC invocations=19 (full 0):
 garbage-first heap   total 89088K, used 70272K [0x0000000081e00000, 0x0000000100000000)
  region size 1024K, 37 young (37888K), 3 survivors (3072K)
 Metaspace       used 63178K, committed 63744K, reserved 1114112K
  class space    used 8997K, committed 9280K, reserved 1048576K
}
Event: 33.051 GC heap after
{Heap after GC invocations=20 (full 0):
 garbage-first heap   total 89088K, used 36630K [0x0000000081e00000, 0x0000000100000000)
  region size 1024K, 4 young (4096K), 4 survivors (4096K)
 Metaspace       used 63178K, committed 63744K, reserved 1114112K
  class space    used 8997K, committed 9280K, reserved 1048576K
}
Event: 33.191 GC heap before
{Heap before GC invocations=20 (full 0):
 garbage-first heap   total 89088K, used 71446K [0x0000000081e00000, 0x0000000100000000)
  region size 1024K, 38 young (38912K), 4 survivors (4096K)
 Metaspace       used 63452K, committed 64000K, reserved 1114112K
  class space    used 9020K, committed 9280K, reserved 1048576K
}
Event: 33.194 GC heap after
{Heap after GC invocations=21 (full 0):
 garbage-first heap   total 89088K, used 37628K [0x0000000081e00000, 0x0000000100000000)
  region size 1024K, 3 young (3072K), 3 survivors (3072K)
 Metaspace       used 63452K, committed 64000K, reserved 1114112K
  class space    used 9020K, committed 9280K, reserved 1048576K
}
Event: 33.330 GC heap before
{Heap before GC invocations=21 (full 0):
 garbage-first heap   total 89088K, used 72444K [0x0000000081e00000, 0x0000000100000000)
  region size 1024K, 37 young (37888K), 3 survivors (3072K)
 Metaspace       used 63684K, committed 64320K, reserved 1114112K
  class space    used 9036K, committed 9344K, reserved 1048576K
}

