# JRE version: Java(TM) SE Runtime Environment (18.0.2.1+1) (build 18.0.2.1+1-1)
# Java VM: Java HotSpot(TM) 64-Bit Server VM (18.0.2.1+1-1, mixed mode, emulated-client, sharing, tiered, compressed oops, compressed class ptrs, g1 gc, windows-amd64)
GC Precious Log:
 CardTable entry size: 512
 Card Set container configuration: InlinePtr #cards 5 size 8 Array Of Cards #cards 12 size 40 Howl #buckets 4 coarsen threshold 1843 Howl Bitmap #cards 512 size 80 coarsen threshold 460 Card regions per heap region 1 cards per card region 2048
 CPUs: 8 total, 8 available
 Memory: 8069M
 Large Page Support: Disabled
 NUMA Support: Disabled
 Compressed Oops: Enabled (32-bit)
 Heap Region Size: 1M
 Heap Min Capacity: 8M
 Heap Initial Capacity: 128M
 Heap Max Capacity: 2018M
 Pre-touch: Disabled
 Parallel Workers: 8
 Concurrent Workers: 2
 Concurrent Refinement Workers: 8
 Periodic GC: Disabled
Heap:
 garbage-first heap   total 131072K, used 45299K [0x0000000081e00000, 0x0000000100000000)
  region size 1024K, 4 young (4096K), 4 survivors (4096K)
 Metaspace       used 65488K, committed 66176K, reserved 1114112K
  class space    used 9234K, committed 9536K, reserved 1048576K
GC Heap History (20 events):
Event: 42.598 GC heap after
{Heap after GC invocations=15 (full 0):
 garbage-first heap   total 81920K, used 33609K [0x0000000081e00000, 0x0000000100000000)
  region size 1024K, 3 young (3072K), 3 survivors (3072K)
 Metaspace       used 54236K, committed 54848K, reserved 1114112K
  class space    used 7608K, committed 7936K, reserved 1048576K
}
Event: 42.752 GC heap before
{Heap before GC invocations=15 (full 0):
 garbage-first heap   total 81920K, used 65353K [0x0000000081e00000, 0x0000000100000000)
  region size 1024K, 34 young (34816K), 3 survivors (3072K)
 Metaspace       used 54475K, committed 55040K, reserved 1114112K
  class space    used 7626K, committed 7936K, reserved 1048576K
}
Event: 42.758 GC heap after
{Heap after GC invocations=16 (full 0):
 garbage-first heap   total 81920K, used 34123K [0x0000000081e00000, 0x0000000100000000)
  region size 1024K, 2 young (2048K), 2 survivors (2048K)
 Metaspace       used 54475K, committed 55040K, reserved 1114112K
  class space    used 7626K, committed 7936K, reserved 1048576K
}
Event: 42.874 GC heap before
{Heap before GC invocations=16 (full 0):
 garbage-first heap   total 81920K, used 66891K [0x0000000081e00000, 0x0000000100000000)
  region size 1024K, 34 young (34816K), 2 survivors (2048K)
 Metaspace       used 54713K, committed 55360K, reserved 1114112K
  class space    used 7640K, committed 7936K, reserved 1048576K
}
Event: 42.878 GC heap after
{Heap after GC invocations=17 (full 0):
 garbage-first heap   total 81920K, used 34244K [0x0000000081e00000, 0x0000000100000000)
  region size 1024K, 2 young (2048K), 2 survivors (2048K)
 Metaspace       used 54713K, committed 55360K, reserved 1114112K
  class space    used 7640K, committed 7936K, reserved 1048576K
}
Event: 47.217 GC heap before
{Heap before GC invocations=17 (full 0):
 garbage-first heap   total 81920K, used 68036K [0x0000000081e00000, 0x0000000100000000)
  region size 1024K, 35 young (35840K), 2 survivors (2048K)
 Metaspace       used 57796K, committed 58432K, reserved 1114112K
  class space    used 8058K, committed 8384K, reserved 1048576K
}
Event: 47.224 GC heap after
{Heap after GC invocations=18 (full 0):
 garbage-first heap   total 98304K, used 36754K [0x0000000081e00000, 0x0000000100000000)
  region size 1024K, 5 young (5120K), 5 survivors (5120K)
 Metaspace       used 57796K, committed 58432K, reserved 1114112K
  class space    used 8058K, committed 8384K, reserved 1048576K
}
Event: 47.437 GC heap before
{Heap before GC invocations=18 (full 0):
 garbage-first heap   total 98304K, used 52114K [0x0000000081e00000, 0x0000000100000000)
  region size 1024K, 21 young (21504K), 5 survivors (5120K)
 Metaspace       used 59684K, committed 60288K, reserved 1114112K
  class space    used 8314K, committed 8576K, reserved 1048576K
}
Event: 47.447 GC heap after
{Heap after GC invocations=19 (full 0):
 garbage-first heap   total 98304K, used 38533K [0x0000000081e00000, 0x0000000100000000)
  region size 1024K, 5 young (5120K), 5 survivors (5120K)
 Metaspace       used 59684K, committed 60288K, reserved 1114112K
  class space    used 8314K, committed 8576K, reserved 1048576K
}
Event: 47.858 GC heap before
{Heap before GC invocations=20 (full 0):
 garbage-first heap   total 98304K, used 78469K [0x0000000081e00000, 0x0000000100000000)
  region size 1024K, 44 young (45056K), 5 survivors (5120K)
 Metaspace       used 63181K, committed 63744K, reserved 1114112K
  class space    used 8954K, committed 9216K, reserved 1048576K
}
Event: 47.868 GC heap after
{Heap after GC invocations=21 (full 0):
 garbage-first heap   total 98304K, used 40463K [0x0000000081e00000, 0x0000000100000000)
  region size 1024K, 4 young (4096K), 4 survivors (4096K)
 Metaspace       used 63181K, committed 63744K, reserved 1114112K
  class space    used 8954K, committed 9216K, reserved 1048576K
}
Event: 47.883 GC heap before
{Heap before GC invocations=21 (full 0):
 garbage-first heap   total 98304K, used 41487K [0x0000000081e00000, 0x0000000100000000)
  region size 1024K, 5 young (5120K), 4 survivors (4096K)
 Metaspace       used 63343K, committed 63936K, reserved 1114112K
  class space    used 8978K, committed 9280K, reserved 1048576K
}
Event: 47.891 GC heap after
{Heap after GC invocations=22 (full 0):
 garbage-first heap   total 98304K, used 40482K [0x0000000081e00000, 0x0000000100000000)
  region size 1024K, 1 young (1024K), 1 survivors (1024K)
 Metaspace       used 63343K, committed 63936K, reserved 1114112K
  class space    used 8978K, committed 9280K, reserved 1048576K
}
Event: 48.258 GC heap before
{Heap before GC invocations=22 (full 0):
 garbage-first heap   total 98304K, used 79394K [0x0000000081e00000, 0x0000000100000000)
  region size 1024K, 39 young (39936K), 1 survivors (1024K)
 Metaspace       used 64587K, committed 65152K, reserved 1114112K
  class space    used 9156K, committed 9408K, reserved 1048576K
}
Event: 48.260 GC heap after
{Heap after GC invocations=23 (full 0):
 garbage-first heap   total 98304K, used 41686K [0x0000000081e00000, 0x0000000100000000)
  region size 1024K, 2 young (2048K), 2 survivors (2048K)
 Metaspace       used 64587K, committed 65152K, reserved 1114112K
  class space    used 9156K, committed 9408K, reserved 1048576K
}
Event: 48.525 GC heap before
{Heap before GC invocations=23 (full 0):
 garbage-first heap   total 98304K, used 80598K [0x0000000081e00000, 0x0000000100000000)
  region size 1024K, 40 young (40960K), 2 survivors (2048K)
 Metaspace       used 64889K, committed 65472K, reserved 1114112K
  class space    used 9178K, committed 9472K, reserved 1048576K
}
Event: 48.528 GC heap after
{Heap after GC invocations=24 (full 0):
 garbage-first heap   total 98304K, used 42777K [0x0000000081e00000, 0x0000000100000000)
  region size 1024K, 3 young (3072K), 3 survivors (3072K)
 Metaspace       used 64889K, committed 65472K, reserved 1114112K
  class space    used 9178K, committed 9472K, reserved 1048576K
}
Event: 48.943 GC heap before
{Heap before GC invocations=24 (full 0):
 garbage-first heap   total 98304K, used 81689K [0x0000000081e00000, 0x0000000100000000)
  region size 1024K, 41 young (41984K), 3 survivors (3072K)
 Metaspace       used 65243K, committed 65920K, reserved 1114112K
  class space    used 9217K, committed 9536K, reserved 1048576K
}
Event: 48.947 GC heap after
{Heap after GC invocations=25 (full 0):
 garbage-first heap   total 98304K, used 44115K [0x0000000081e00000, 0x0000000100000000)
  region size 1024K, 5 young (5120K), 5 survivors (5120K)
 Metaspace       used 65243K, committed 65920K, reserved 1114112K
  class space    used 9217K, committed 9536K, reserved 1048576K
}
Event: 49.175 GC heap before
{Heap before GC invocations=25 (full 0):
 garbage-first heap   total 98304K, used 80979K [0x0000000081e00000, 0x0000000100000000)
  region size 1024K, 41 young (41984K), 5 survivors (5120K)
 Metaspace       used 65488K, committed 66176K, reserved 1114112K
  class space    used 9234K, committed 9536K, reserved 1048576K
}

