# JRE version: Java(TM) SE Runtime Environment (18.0.2.1+1) (build 18.0.2.1+1-1)
# Java VM: Java HotSpot(TM) 64-Bit Server VM (18.0.2.1+1-1, mixed mode, emulated-client, sharing, tiered, compressed oops, compressed class ptrs, g1 gc, windows-amd64)
GC Precious Log:
 CardTable entry size: 512
 Card Set container configuration: InlinePtr #cards 5 size 8 Array Of Cards #cards 12 size 40 Howl #buckets 4 coarsen threshold 1843 Howl Bitmap #cards 512 size 80 coarsen threshold 460 Card regions per heap region 1 cards per card region 2048
 CPUs: 8 total, 8 available
 Memory: 8069M
 Large Page Support: Disabled
 NUMA Support: Disabled
 Compressed Oops: Enabled (32-bit)
 Heap Region Size: 1M
 Heap Min Capacity: 8M
 Heap Initial Capacity: 128M
 Heap Max Capacity: 2018M
 Pre-touch: Disabled
 Parallel Workers: 8
 Concurrent Workers: 2
 Concurrent Refinement Workers: 8
 Periodic GC: Disabled
Heap:
 garbage-first heap   total 120832K, used 52265K [0x0000000081e00000, 0x0000000100000000)
  region size 1024K, 7 young (7168K), 7 survivors (7168K)
 Metaspace       used 68886K, committed 69568K, reserved 1114112K
  class space    used 9695K, committed 9984K, reserved 1048576K
GC Heap History (20 events):
Event: 5.266 GC heap after
{Heap after GC invocations=13 (full 0):
 garbage-first heap   total 100352K, used 34109K [0x0000000081e00000, 0x0000000100000000)
  region size 1024K, 2 young (2048K), 2 survivors (2048K)
 Metaspace       used 54381K, committed 54976K, reserved 1114112K
  class space    used 7628K, committed 7936K, reserved 1048576K
}
Event: 5.433 GC heap before
{Heap before GC invocations=13 (full 0):
 garbage-first heap   total 100352K, used 78141K [0x0000000081e00000, 0x0000000100000000)
  region size 1024K, 45 young (46080K), 2 survivors (2048K)
 Metaspace       used 54708K, committed 55296K, reserved 1114112K
  class space    used 7648K, committed 7936K, reserved 1048576K
}
Event: 5.437 GC heap after
{Heap after GC invocations=14 (full 0):
 garbage-first heap   total 100352K, used 34641K [0x0000000081e00000, 0x0000000100000000)
  region size 1024K, 2 young (2048K), 2 survivors (2048K)
 Metaspace       used 54708K, committed 55296K, reserved 1114112K
  class space    used 7648K, committed 7936K, reserved 1048576K
}
Event: 6.260 GC heap before
{Heap before GC invocations=14 (full 0):
 garbage-first heap   total 100352K, used 80721K [0x0000000081e00000, 0x0000000100000000)
  region size 1024K, 47 young (48128K), 2 survivors (2048K)
 Metaspace       used 59407K, committed 60032K, reserved 1114112K
  class space    used 8277K, committed 8576K, reserved 1048576K
}
Event: 6.268 GC heap after
{Heap after GC invocations=15 (full 0):
 garbage-first heap   total 100352K, used 37515K [0x0000000081e00000, 0x0000000100000000)
  region size 1024K, 5 young (5120K), 5 survivors (5120K)
 Metaspace       used 59407K, committed 60032K, reserved 1114112K
  class space    used 8277K, committed 8576K, reserved 1048576K
}
Event: 6.372 GC heap before
{Heap before GC invocations=15 (full 0):
 garbage-first heap   total 100352K, used 49803K [0x0000000081e00000, 0x0000000100000000)
  region size 1024K, 18 young (18432K), 5 survivors (5120K)
 Metaspace       used 59804K, committed 60416K, reserved 1114112K
  class space    used 8343K, committed 8640K, reserved 1048576K
}
Event: 6.381 GC heap after
{Heap after GC invocations=16 (full 0):
 garbage-first heap   total 100352K, used 38876K [0x0000000081e00000, 0x0000000100000000)
  region size 1024K, 5 young (5120K), 5 survivors (5120K)
 Metaspace       used 59804K, committed 60416K, reserved 1114112K
  class space    used 8343K, committed 8640K, reserved 1048576K
}
Event: 6.704 GC heap before
{Heap before GC invocations=17 (full 0):
 garbage-first heap   total 100352K, used 76764K [0x0000000081e00000, 0x0000000100000000)
  region size 1024K, 42 young (43008K), 5 survivors (5120K)
 Metaspace       used 63491K, committed 64128K, reserved 1114112K
  class space    used 9003K, committed 9280K, reserved 1048576K
}
Event: 6.713 GC heap after
{Heap after GC invocations=18 (full 0):
 garbage-first heap   total 100352K, used 40990K [0x0000000081e00000, 0x0000000100000000)
  region size 1024K, 4 young (4096K), 4 survivors (4096K)
 Metaspace       used 63491K, committed 64128K, reserved 1114112K
  class space    used 9003K, committed 9280K, reserved 1048576K
}
Event: 6.949 GC heap before
{Heap before GC invocations=18 (full 0):
 garbage-first heap   total 100352K, used 78878K [0x0000000081e00000, 0x0000000100000000)
  region size 1024K, 41 young (41984K), 4 survivors (4096K)
 Metaspace       used 64613K, committed 65216K, reserved 1114112K
  class space    used 9167K, committed 9472K, reserved 1048576K
}
Event: 6.955 GC heap after
{Heap after GC invocations=19 (full 0):
 garbage-first heap   total 120832K, used 42602K [0x0000000081e00000, 0x0000000100000000)
  region size 1024K, 5 young (5120K), 5 survivors (5120K)
 Metaspace       used 64613K, committed 65216K, reserved 1114112K
  class space    used 9167K, committed 9472K, reserved 1048576K
}
Event: 7.789 GC heap before
{Heap before GC invocations=19 (full 0):
 garbage-first heap   total 120832K, used 94826K [0x0000000081e00000, 0x0000000100000000)
  region size 1024K, 56 young (57344K), 5 survivors (5120K)
 Metaspace       used 64990K, committed 65600K, reserved 1114112K
  class space    used 9195K, committed 9472K, reserved 1048576K
}
Event: 7.794 GC heap after
{Heap after GC invocations=20 (full 0):
 garbage-first heap   total 120832K, used 44053K [0x0000000081e00000, 0x0000000100000000)
  region size 1024K, 6 young (6144K), 6 survivors (6144K)
 Metaspace       used 64990K, committed 65600K, reserved 1114112K
  class space    used 9195K, committed 9472K, reserved 1048576K
}
Event: 8.185 GC heap before
{Heap before GC invocations=20 (full 0):
 garbage-first heap   total 120832K, used 96277K [0x0000000081e00000, 0x0000000100000000)
  region size 1024K, 57 young (58368K), 6 survivors (6144K)
 Metaspace       used 65430K, committed 66048K, reserved 1114112K
  class space    used 9240K, committed 9536K, reserved 1048576K
}
Event: 8.190 GC heap after
{Heap after GC invocations=21 (full 0):
 garbage-first heap   total 120832K, used 45719K [0x0000000081e00000, 0x0000000100000000)
  region size 1024K, 5 young (5120K), 5 survivors (5120K)
 Metaspace       used 65430K, committed 66048K, reserved 1114112K
  class space    used 9240K, committed 9536K, reserved 1048576K
}
Event: 8.391 GC heap before
{Heap before GC invocations=21 (full 0):
 garbage-first heap   total 120832K, used 97943K [0x0000000081e00000, 0x0000000100000000)
  region size 1024K, 56 young (57344K), 5 survivors (5120K)
 Metaspace       used 65744K, committed 66368K, reserved 1114112K
  class space    used 9261K, committed 9536K, reserved 1048576K
}
Event: 8.396 GC heap after
{Heap after GC invocations=22 (full 0):
 garbage-first heap   total 120832K, used 47454K [0x0000000081e00000, 0x0000000100000000)
  region size 1024K, 5 young (5120K), 5 survivors (5120K)
 Metaspace       used 65744K, committed 66368K, reserved 1114112K
  class space    used 9261K, committed 9536K, reserved 1048576K
}
Event: 8.593 GC heap before
{Heap before GC invocations=22 (full 0):
 garbage-first heap   total 120832K, used 98654K [0x0000000081e00000, 0x0000000100000000)
  region size 1024K, 55 young (56320K), 5 survivors (5120K)
 Metaspace       used 66084K, committed 66752K, reserved 1114112K
  class space    used 9285K, committed 9600K, reserved 1048576K
}
Event: 8.597 GC heap after
{Heap after GC invocations=23 (full 0):
 garbage-first heap   total 120832K, used 48852K [0x0000000081e00000, 0x0000000100000000)
  region size 1024K, 5 young (5120K), 5 survivors (5120K)
 Metaspace       used 66084K, committed 66752K, reserved 1114112K
  class space    used 9285K, committed 9600K, reserved 1048576K
}
Event: 9.180 GC heap before
{Heap before GC invocations=23 (full 0):
 garbage-first heap   total 120832K, used 100052K [0x0000000081e00000, 0x0000000100000000)
  region size 1024K, 55 young (56320K), 5 survivors (5120K)
 Metaspace       used 68886K, committed 69568K, reserved 1114112K
  class space    used 9695K, committed 9984K, reserved 1048576K
}

